2021-08-08 09:32:56,066 :: INFO :: file_cache is only supported with oauth2client<4.0.0
2021-08-08 09:32:57,278 :: INFO :: GeeksForGeeks exists
2021-08-08 09:32:58,517 :: INFO :: MustDoInterviwPreparation exists
2021-08-08 09:33:00,049 :: INFO :: Arrays exists
2021-08-08 09:43:43,230 :: ERROR :: [Errno 2] No such file or directory: 'demo1.txt'
2021-08-08 09:43:44,455 :: INFO :: Arrays exists
2021-08-08 09:43:45,584 :: ERROR :: [Errno 2] No such file or directory: 'demo1.txt'
2021-08-08 09:43:46,812 :: INFO :: Arrays exists
2021-08-08 09:43:47,937 :: ERROR :: [Errno 2] No such file or directory: 'demo1.txt'
2021-08-08 09:43:49,171 :: INFO :: Arrays exists
2021-08-08 09:43:50,295 :: ERROR :: [Errno 2] No such file or directory: 'demo1.txt'
2021-08-08 09:43:51,519 :: INFO :: Arrays exists
2021-08-08 09:43:52,751 :: ERROR :: [Errno 2] No such file or directory: 'demo1.txt'
2021-08-08 09:43:54,081 :: INFO :: Arrays exists
2021-08-08 09:43:55,209 :: ERROR :: [Errno 2] No such file or directory: 'demo1.txt'
2021-08-08 09:43:56,438 :: INFO :: Arrays exists
2021-08-08 09:43:57,563 :: ERROR :: [Errno 2] No such file or directory: 'demo1.txt'
2021-08-08 09:45:06,084 :: INFO :: file_cache is only supported with oauth2client<4.0.0
2021-08-08 09:45:07,302 :: INFO :: GeeksForGeeks exists
2021-08-08 09:45:08,418 :: INFO :: MustDoInterviwPreparation exists
2021-08-08 09:45:09,659 :: INFO :: Arrays exists
2021-08-08 09:45:12,822 :: INFO :: demo1.txt created in MustDoInterviwPreparation
2021-08-08 09:45:12,822 :: ERROR :: Replacement index 0 out of range for positional args tuple
2021-08-08 09:45:14,002 :: INFO :: Arrays exists
2021-08-08 09:45:17,236 :: INFO :: demo1.txt created in MustDoInterviwPreparation
2021-08-08 19:39:49,874 :: INFO :: access_token is expired. Now: 2021-08-08 14:09:49.874406, token_expiry: 2021-08-08 12:33:40
2021-08-08 19:39:49,894 :: INFO :: access_token is expired. Now: 2021-08-08 14:09:49.894340, token_expiry: 2021-08-08 12:33:40
2021-08-08 19:39:49,895 :: INFO :: Refreshing access_token
2021-08-08 19:39:50,153 :: INFO :: file_cache is only supported with oauth2client<4.0.0
2021-08-08 19:39:51,413 :: INFO :: GeeksForGeeks exists
2021-08-08 19:39:52,647 :: INFO :: Must do interview preparation exists
2021-08-08 19:39:55,412 :: INFO :: Creating - Maths
2021-08-08 19:39:59,607 :: INFO :: Missing-number-in-array.cc created in Maths
2021-08-08 19:39:59,607 :: INFO :: Missing-number-in-array.cc deleted from local storage.
2021-08-08 19:40:02,595 :: INFO :: Trailing-zeroes-in-factorial.cc created in Maths
2021-08-08 19:40:02,595 :: INFO :: Trailing-zeroes-in-factorial.cc deleted from local storage.
2021-08-08 19:40:06,788 :: INFO :: A-Simple-Fraction.cpp created in Maths
2021-08-08 19:40:06,789 :: INFO :: A-Simple-Fraction.cpp deleted from local storage.
2021-08-08 19:40:12,418 :: INFO :: a.out already exists
2021-08-08 19:40:12,418 :: INFO :: a.out deleted from local storage.
2021-08-08 19:40:13,019 :: INFO :: OS-Practice exists
